<?xml version="1.0" encoding="UTF-8"?>
<!-- Generated by org.testng.reporters.JUnitReportReporter -->
<testsuite hostname="DESKTOP-1U3T6DO" failures="0" tests="1" name="TestNG.TestNGParametersDemo" time="0.007" errors="0" timestamp="2022-01-06T19:37:41 GMT" skipped="0">
  <testcase classname="TestNG.TestNGParametersDemo" name="test" time="0.007"/>
  <system-out/>
</testsuite> <!-- TestNG.TestNGParametersDemo -->
