<?xml version="1.0" encoding="UTF-8"?>
<!-- Generated by org.testng.reporters.JUnitReportReporter -->
<testsuite hostname="DESKTOP-1U3T6DO" failures="0" tests="1" name="TestNG.DemoTest" time="6.468" errors="0" timestamp="2021-12-27T22:09:02 GMT" skipped="0">
  <testcase classname="TestNG.DemoTest" name="googleSearch" time="6.468"/>
  <system-out/>
</testsuite> <!-- TestNG.DemoTest -->
