<?xml version="1.0" encoding="UTF-8"?>
<!-- Generated by org.testng.reporters.JUnitReportReporter -->
<testsuite hostname="DESKTOP-1U3T6DO" failures="0" tests="3" name="TestNGListeners.TestNGListenerDemo" time="8.821" errors="0" timestamp="2022-01-06T13:20:32 GMT" skipped="1">
  <testcase classname="TestNGListeners.TestNGListenerDemo" name="test6" time="0.002">
    <skipped/>
  </testcase> <!-- test6 -->
  <system-out/>
  <testcase classname="TestNGListeners.TestNGListenerDemo" name="test5" time="8.811"/>
  <system-out/>
  <testcase classname="TestNGListeners.TestNGListenerDemo" name="test4" time="0.008"/>
  <system-out/>
</testsuite> <!-- TestNGListeners.TestNGListenerDemo -->
