<?xml version="1.0" encoding="UTF-8"?>
<!-- Generated by org.testng.reporters.JUnitReportReporter -->
<testsuite hostname="DESKTOP-1U3T6DO" failures="0" tests="2" name="TestNG.TestNGMultiBrowserDemo" time="6.160" errors="0" timestamp="2022-01-06T14:08:41 GMT" skipped="0">
  <testcase classname="TestNG.TestNGMultiBrowserDemo" name="test1" time="3.368"/>
  <system-out/>
  <testcase classname="TestNG.TestNGMultiBrowserDemo" name="test1" time="2.792"/>
  <system-out/>
</testsuite> <!-- TestNG.TestNGMultiBrowserDemo -->
