<?xml version="1.0" encoding="UTF-8"?>
<!-- Generated by org.testng.reporters.JUnitReportReporter -->
<testsuite hostname="DESKTOP-1U3T6DO" failures="0" tests="1" name="TestNG.A" time="0.006" errors="0" timestamp="2021-12-26T18:17:16 GMT" skipped="0">
  <testcase classname="TestNG.A" name="A" time="0.006"/>
  <system-out/>
</testsuite> <!-- TestNG.A -->
