<?xml version="1.0" encoding="UTF-8"?>
<!-- Generated by org.testng.reporters.JUnitReportReporter -->
<testsuite hostname="DESKTOP-1U3T6DO" failures="0" tests="1" name="TestNG.B" time="0.004" errors="0" timestamp="2021-12-26T18:20:37 GMT" skipped="0">
  <testcase classname="TestNG.B" name="f" time="0.004"/>
  <system-out/>
</testsuite> <!-- TestNG.B -->
