<?xml version="1.0" encoding="UTF-8"?>
<!-- Generated by org.testng.reporters.JUnitReportReporter -->
<testsuite hostname="DESKTOP-1U3T6DO" failures="0" tests="5" name="TestNG.TestNgGroupdDemo" time="0.011" errors="0" timestamp="2022-01-06T14:35:05 GMT" skipped="0">
  <testcase classname="TestNG.TestNgGroupdDemo" name="test4" time="0.001"/>
  <system-out/>
  <testcase classname="TestNG.TestNgGroupdDemo" name="test5" time="0.001"/>
  <system-out/>
  <testcase classname="TestNG.TestNgGroupdDemo" name="test3" time="0.001"/>
  <system-out/>
  <testcase classname="TestNG.TestNgGroupdDemo" name="test1" time="0.007"/>
  <system-out/>
  <testcase classname="TestNG.TestNgGroupdDemo" name="test2" time="0.001"/>
  <system-out/>
</testsuite> <!-- TestNG.TestNgGroupdDemo -->
