<?xml version="1.0" encoding="UTF-8"?>
<!-- Generated by org.testng.reporters.JUnitReportReporter -->
<testsuite hostname="DESKTOP-1U3T6DO" failures="0" tests="3" name="TestNG.TestNGPriority" time="0.009" errors="0" timestamp="2022-01-06T13:50:49 GMT" skipped="0">
  <testcase classname="TestNG.TestNGPriority" name="one" time="0.007"/>
  <system-out/>
  <testcase classname="TestNG.TestNGPriority" name="three" time="0.001"/>
  <system-out/>
  <testcase classname="TestNG.TestNGPriority" name="two" time="0.001"/>
  <system-out/>
</testsuite> <!-- TestNG.TestNGPriority -->
