<?xml version="1.0" encoding="UTF-8"?>
<!-- Generated by org.testng.reporters.JUnitReportReporter -->
<testsuite hostname="DESKTOP-1U3T6DO" failures="0" tests="1" name="TestNG.NewTest" time="0.005" errors="0" timestamp="2021-12-26T18:19:26 GMT" skipped="0">
  <testcase classname="TestNG.NewTest" name="f" time="0.005"/>
  <system-out/>
</testsuite> <!-- TestNG.NewTest -->
