<?xml version="1.0" encoding="UTF-8"?>
<!-- Generated by org.testng.reporters.JUnitReportReporter -->
<testsuite hostname="DESKTOP-1U3T6DO" failures="0" tests="1" name="TestNG.TestCase1" time="20.642" errors="0" timestamp="2022-01-05T11:37:10 GMT" skipped="0">
  <testcase classname="TestNG.TestCase1" name="testCase1" time="20.642"/>
  <system-out/>
</testsuite> <!-- TestNG.TestCase1 -->
