<?xml version="1.0" encoding="UTF-8"?>
<!-- Generated by org.testng.reporters.JUnitReportReporter -->
<testsuite hostname="DESKTOP-1U3T6DO" failures="0" tests="2" name="TestNG.TestNGIgnoreDemo" time="0.009" errors="0" timestamp="2022-01-06T21:05:53 GMT" skipped="0">
  <testcase classname="TestNG.TestNGIgnoreDemo" name="test2" time="0.008"/>
  <system-out/>
  <testcase classname="TestNG.TestNGIgnoreDemo" name="test3" time="0.001"/>
  <system-out/>
</testsuite> <!-- TestNG.TestNGIgnoreDemo -->
