<?xml version="1.0" encoding="UTF-8"?>
<!-- Generated by org.testng.reporters.JUnitReportReporter -->
<testsuite hostname="DESKTOP-1U3T6DO" failures="0" tests="3" name="TestNG.TestNGDependencyDemo" time="0.009" errors="0" timestamp="2022-01-06T19:54:02 GMT" skipped="0">
  <testcase classname="TestNG.TestNGDependencyDemo" name="test2" time="0.007"/>
  <system-out/>
  <testcase classname="TestNG.TestNGDependencyDemo" name="test1" time="0.001"/>
  <system-out/>
  <testcase classname="TestNG.TestNGDependencyDemo" name="test3" time="0.001"/>
  <system-out/>
</testsuite> <!-- TestNG.TestNGDependencyDemo -->
